<?xml version="1.0" encoding="UTF-8"?>
<testsuite xmlns:xsi="http://www.w3.org/2001/XMLSchema-instance" xsi:noNamespaceSchemaLocation="https://maven.apache.org/surefire/maven-surefire-plugin/xsd/surefire-test-report-3.0.xsd" version="3.0" name="com.online.shop.repository.impl.CategoryDaolTest" time="4.14" tests="5" errors="5" skipped="0" failures="0">
  <properties>
[...]
</properties>
  <testcase name="getById_CategoryWasFound" classname="com.online.shop.repository.impl.CategoryDaolTest" time="0.009">
    <error message="Failed to load ApplicationContext for [MergedContextConfiguration@1a598e30 testClass = com.online.shop.repository.impl.CategoryDaolTest, locations = [], classes = [com.online.shop.config.RootConfig], contextInitializerClasses = [], activeProfiles = [], propertySourceDescriptors = [], propertySourceProperties = [], contextCustomizers = [], contextLoader = org.springframework.test.context.support.AnnotationConfigContextLoader, parent = null]" type="java.lang.IllegalStateException"><![CDATA[java.lang.IllegalStateException: Failed to load ApplicationContext for [MergedContextConfiguration@1a598e30 testClass = com.online.shop.repository.impl.CategoryDaolTest, locations = [], classes = [com.online.shop.config.RootConfig], contextInitializerClasses = [], activeProfiles = [], propertySourceDescriptors = [], propertySourceProperties = [], contextCustomizers = [], contextLoader = org.springframework.test.context.support.AnnotationConfigContextLoader, parent = null]
	at org.springframework.test.context.cache.DefaultCacheAwareContextLoaderDelegate.loadContext(DefaultCacheAwareContextLoaderDelegate.java:180)
	at org.springframework.test.context.support.DefaultTestContext.getApplicationContext(DefaultTestContext.java:130)
	at org.springframework.test.context.support.DependencyInjectionTestExecutionListener.injectDependencies(DependencyInjectionTestExecutionListener.java:142)
	at org.springframework.test.context.support.DependencyInjectionTestExecutionListener.prepareTestInstance(DependencyInjectionTestExecutionListener.java:98)
	at org.springframework.test.context.TestContextManager.prepareTestInstance(TestContextManager.java:260)
	at org.springframework.test.context.junit.jupiter.SpringExtension.postProcessTestInstance(SpringExtension.java:163)
	at java.base/java.util.stream.ReferencePipeline$3$1.accept(ReferencePipeline.java:197)
	at java.base/java.util.stream.ReferencePipeline$2$1.accept(ReferencePipeline.java:179)
	at java.base/java.util.ArrayList$ArrayListSpliterator.forEachRemaining(ArrayList.java:1708)
	at java.base/java.util.stream.AbstractPipeline.copyInto(AbstractPipeline.java:509)
	at java.base/java.util.stream.AbstractPipeline.wrapAndCopyInto(AbstractPipeline.java:499)
	at java.base/java.util.stream.StreamSpliterators$WrappingSpliterator.forEachRemaining(StreamSpliterators.java:310)
	at java.base/java.util.stream.Streams$ConcatSpliterator.forEachRemaining(Streams.java:735)
	at java.base/java.util.stream.Streams$ConcatSpliterator.forEachRemaining(Streams.java:734)
	at java.base/java.util.stream.ReferencePipeline$Head.forEach(ReferencePipeline.java:762)
	at java.base/java.util.Optional.orElseGet(Optional.java:364)
	at java.base/java.util.ArrayList.forEach(ArrayList.java:1596)
	at java.base/java.util.ArrayList.forEach(ArrayList.java:1596)
Caused by: org.springframework.beans.factory.BeanCreationException: Error creating bean with name 'resourceHandlerMapping' defined in class path resource [org/springframework/web/servlet/config/annotation/DelegatingWebMvcConfiguration.class]: Failed to instantiate [org.springframework.web.servlet.HandlerMapping]: Factory method 'resourceHandlerMapping' threw exception with message: No ServletContext set
	at org.springframework.beans.factory.support.ConstructorResolver.instantiate(ConstructorResolver.java:648)
	at org.springframework.beans.factory.support.ConstructorResolver.instantiateUsingFactoryMethod(ConstructorResolver.java:636)
	at org.springframework.beans.factory.support.AbstractAutowireCapableBeanFactory.instantiateUsingFactoryMethod(AbstractAutowireCapableBeanFactory.java:1355)
	at org.springframework.beans.factory.support.AbstractAutowireCapableBeanFactory.createBeanInstance(AbstractAutowireCapableBeanFactory.java:1185)
	at org.springframework.beans.factory.support.AbstractAutowireCapableBeanFactory.doCreateBean(AbstractAutowireCapableBeanFactory.java:562)
	at org.springframework.beans.factory.support.AbstractAutowireCapableBeanFactory.createBean(AbstractAutowireCapableBeanFactory.java:522)
	at org.springframework.beans.factory.support.AbstractBeanFactory.lambda$doGetBean$0(AbstractBeanFactory.java:337)
	at org.springframework.beans.factory.support.DefaultSingletonBeanRegistry.getSingleton(DefaultSingletonBeanRegistry.java:234)
	at org.springframework.beans.factory.support.AbstractBeanFactory.doGetBean(AbstractBeanFactory.java:335)
	at org.springframework.beans.factory.support.AbstractBeanFactory.getBean(AbstractBeanFactory.java:200)
	at org.springframework.beans.factory.support.DefaultListableBeanFactory.preInstantiateSingletons(DefaultListableBeanFactory.java:975)
	at org.springframework.context.support.AbstractApplicationContext.finishBeanFactoryInitialization(AbstractApplicationContext.java:971)
	at org.springframework.context.support.AbstractApplicationContext.refresh(AbstractApplicationContext.java:625)
	at org.springframework.test.context.support.AbstractGenericContextLoader.loadContext(AbstractGenericContextLoader.java:221)
	at org.springframework.test.context.support.AbstractGenericContextLoader.loadContext(AbstractGenericContextLoader.java:110)
	at org.springframework.test.context.cache.DefaultCacheAwareContextLoaderDelegate.loadContextInternal(DefaultCacheAwareContextLoaderDelegate.java:225)
	at org.springframework.test.context.cache.DefaultCacheAwareContextLoaderDelegate.loadContext(DefaultCacheAwareContextLoaderDelegate.java:152)
	... 17 more
Caused by: org.springframework.beans.BeanInstantiationException: Failed to instantiate [org.springframework.web.servlet.HandlerMapping]: Factory method 'resourceHandlerMapping' threw exception with message: No ServletContext set
	at org.springframework.beans.factory.support.SimpleInstantiationStrategy.instantiate(SimpleInstantiationStrategy.java:178)
	at org.springframework.beans.factory.support.ConstructorResolver.instantiate(ConstructorResolver.java:644)
	... 33 more
Caused by: java.lang.IllegalStateException: No ServletContext set
	at org.springframework.util.Assert.state(Assert.java:76)
	at org.springframework.web.servlet.config.annotation.WebMvcConfigurationSupport.resourceHandlerMapping(WebMvcConfigurationSupport.java:581)
	at java.base/java.lang.reflect.Method.invoke(Method.java:580)
	at org.springframework.beans.factory.support.SimpleInstantiationStrategy.instantiate(SimpleInstantiationStrategy.java:146)
	... 34 more
]]></error>
    <system-err><![CDATA[сент. 27, 2024 9:20:55 AM com.online.shop.config.DatabaseConfig dataSource
INFO: jdbc:h2:mem:test;DB_CLOSE_DELAY=-1;MODE=PostgreSQL;DB_CLOSE_ON_EXIT=FALSE;
сент. 27, 2024 9:20:57 AM com.online.shop.repository.AbstractDao setClazz
INFO: Executing setClazz method.
сент. 27, 2024 9:20:57 AM com.online.shop.repository.AbstractDao setClazz
INFO: Executing setClazz method.
сент. 27, 2024 9:20:57 AM com.online.shop.repository.AbstractDao setClazz
INFO: Executing setClazz method.
сент. 27, 2024 9:20:57 AM com.online.shop.repository.AbstractDao setClazz
INFO: Executing setClazz method.
сент. 27, 2024 9:20:57 AM com.online.shop.repository.AbstractDao setClazz
INFO: Executing setClazz method.
сент. 27, 2024 9:20:57 AM com.online.shop.repository.AbstractDao setClazz
INFO: Executing setClazz method.
сент. 27, 2024 9:20:57 AM com.online.shop.repository.AbstractDao setClazz
INFO: Executing setClazz method.
сент. 27, 2024 9:20:58 AM liquibase.database
INFO: Set default schema name to PUBLIC
сент. 27, 2024 9:20:58 AM liquibase.changelog
INFO: Creating database history table with name: PUBLIC.DATABASECHANGELOG
сент. 27, 2024 9:20:58 AM liquibase.changelog
INFO: Reading from PUBLIC.DATABASECHANGELOG
сент. 27, 2024 9:20:58 AM liquibase.lockservice
INFO: Successfully acquired change log lock
сент. 27, 2024 9:20:58 AM liquibase.command
INFO: Using deploymentId: 7418058568
сент. 27, 2024 9:20:58 AM liquibase.changelog
INFO: Reading from PUBLIC.DATABASECHANGELOG
сент. 27, 2024 9:20:58 AM liquibase.ui
INFO: Running Changeset: liquibase/changelogs/changelog.yaml::homework-2-roles::Aleksey Yasiukevich
сент. 27, 2024 9:20:58 AM liquibase.changelog
INFO: Table roles created
сент. 27, 2024 9:20:58 AM liquibase.changelog
INFO: ChangeSet liquibase/changelogs/changelog.yaml::homework-2-roles::Aleksey Yasiukevich ran successfully in 9ms
сент. 27, 2024 9:20:58 AM liquibase.ui
INFO: Running Changeset: liquibase/changelogs/changelog.yaml::homework-2-users::Aleksey Yasiukevich
сент. 27, 2024 9:20:58 AM liquibase.changelog
INFO: Table users created
сент. 27, 2024 9:20:58 AM liquibase.changelog
INFO: Foreign key constraint added to users (role_id)
сент. 27, 2024 9:20:58 AM liquibase.changelog
INFO: ChangeSet liquibase/changelogs/changelog.yaml::homework-2-users::Aleksey Yasiukevich ran successfully in 9ms
сент. 27, 2024 9:20:58 AM liquibase.ui
INFO: Running Changeset: liquibase/changelogs/changelog.yaml::homework-2-role-idx::Aleksey Yasiukevich
сент. 27, 2024 9:20:58 AM liquibase.changelog
INFO: Index idx_role_id created
сент. 27, 2024 9:20:58 AM liquibase.changelog
INFO: ChangeSet liquibase/changelogs/changelog.yaml::homework-2-role-idx::Aleksey Yasiukevich ran successfully in 2ms
сент. 27, 2024 9:20:58 AM liquibase.ui
INFO: Running Changeset: liquibase/changelogs/changelog.yaml::homework-2-courses::Aleksey Yasiukevich
сент. 27, 2024 9:20:58 AM liquibase.changelog
INFO: Table courses created
сент. 27, 2024 9:20:58 AM liquibase.changelog
INFO: ChangeSet liquibase/changelogs/changelog.yaml::homework-2-courses::Aleksey Yasiukevich ran successfully in 2ms
сент. 27, 2024 9:20:58 AM liquibase.ui
INFO: Running Changeset: liquibase/changelogs/changelog.yaml::homework-2-plans::Aleksey Yasiukevich
сент. 27, 2024 9:20:58 AM liquibase.changelog
INFO: Table course_plans created
сент. 27, 2024 9:20:58 AM liquibase.changelog
INFO: Foreign key constraint added to course_plans (id)
сент. 27, 2024 9:20:58 AM liquibase.changelog
INFO: ChangeSet liquibase/changelogs/changelog.yaml::homework-2-plans::Aleksey Yasiukevich ran successfully in 4ms
сент. 27, 2024 9:20:58 AM liquibase.ui
INFO: Running Changeset: liquibase/changelogs/changelog.yaml::homework-2-categories::Aleksey Yasiukevich
сент. 27, 2024 9:20:58 AM liquibase.changelog
INFO: Table categories created
сент. 27, 2024 9:20:58 AM liquibase.changelog
INFO: ChangeSet liquibase/changelogs/changelog.yaml::homework-2-categories::Aleksey Yasiukevich ran successfully in 2ms
сент. 27, 2024 9:20:58 AM liquibase.ui
INFO: Running Changeset: liquibase/changelogs/changelog.yaml::homework-2-reviews::Aleksey Yasiukevich
сент. 27, 2024 9:20:58 AM liquibase.changelog
INFO: Table reviews created
сент. 27, 2024 9:20:58 AM liquibase.changelog
INFO: Foreign key constraint added to reviews (user_id)
сент. 27, 2024 9:20:58 AM liquibase.changelog
INFO: Foreign key constraint added to reviews (course_id)
сент. 27, 2024 9:20:58 AM liquibase.changelog
INFO: ChangeSet liquibase/changelogs/changelog.yaml::homework-2-reviews::Aleksey Yasiukevich ran successfully in 6ms
сент. 27, 2024 9:20:58 AM liquibase.ui
INFO: Running Changeset: liquibase/changelogs/changelog.yaml::homework-2-course-category::Aleksey Yasiukevich
сент. 27, 2024 9:20:58 AM liquibase.changelog
INFO: Table course_categories created
сент. 27, 2024 9:20:58 AM liquibase.changelog
INFO: Foreign key constraint added to course_categories (course_id)
сент. 27, 2024 9:20:58 AM liquibase.changelog
INFO: Foreign key constraint added to course_categories (category_id)
сент. 27, 2024 9:20:58 AM liquibase.changelog
INFO: ChangeSet liquibase/changelogs/changelog.yaml::homework-2-course-category::Aleksey Yasiukevich ran successfully in 7ms
сент. 27, 2024 9:20:58 AM liquibase.ui
INFO: Running Changeset: liquibase/changelogs/changelog.yaml::homework-2-transactions::Aleksey Yasiukevich
сент. 27, 2024 9:20:58 AM liquibase.changelog
INFO: Table transactions created
сент. 27, 2024 9:20:58 AM liquibase.changelog
INFO: Foreign key constraint added to transactions (user_id)
сент. 27, 2024 9:20:58 AM liquibase.changelog
INFO: Foreign key constraint added to transactions (course_id)
сент. 27, 2024 9:20:58 AM liquibase.changelog
INFO: ChangeSet liquibase/changelogs/changelog.yaml::homework-2-transactions::Aleksey Yasiukevich ran successfully in 8ms
сент. 27, 2024 9:20:58 AM liquibase.ui
INFO: Running Changeset: liquibase/changelogs/changelog.yaml::homework-2-insert-roles::Aleksey Yasiukevich
сент. 27, 2024 9:20:58 AM liquibase.changelog
INFO: SQL in file sql/10.insert-roles.sql executed
сент. 27, 2024 9:20:58 AM liquibase.changelog
INFO: ChangeSet liquibase/changelogs/changelog.yaml::homework-2-insert-roles::Aleksey Yasiukevich ran successfully in 20ms
сент. 27, 2024 9:20:58 AM liquibase.ui
INFO: Running Changeset: liquibase/changelogs/changelog.yaml::homework-2-insert-users::Aleksey Yasiukevich
сент. 27, 2024 9:20:58 AM liquibase.changelog
INFO: SQL in file sql/11.insert-users.sql executed
сент. 27, 2024 9:20:58 AM liquibase.changelog
INFO: ChangeSet liquibase/changelogs/changelog.yaml::homework-2-insert-users::Aleksey Yasiukevich ran successfully in 21ms
сент. 27, 2024 9:20:58 AM liquibase.ui
INFO: Running Changeset: liquibase/changelogs/changelog.yaml::homework-2-insert-courses::Aleksey Yasiukevich
сент. 27, 2024 9:20:58 AM liquibase.changelog
INFO: SQL in file sql/12.insert-courses.sql executed
сент. 27, 2024 9:20:58 AM liquibase.changelog
INFO: ChangeSet liquibase/changelogs/changelog.yaml::homework-2-insert-courses::Aleksey Yasiukevich ran successfully in 18ms
сент. 27, 2024 9:20:58 AM liquibase.ui
INFO: Running Changeset: liquibase/changelogs/changelog.yaml::homework-2-insert-course-plans::Aleksey Yasiukevich
сент. 27, 2024 9:20:58 AM liquibase.changelog
INFO: SQL in file sql/13.insert-course-plans.sql executed
сент. 27, 2024 9:20:58 AM liquibase.changelog
INFO: ChangeSet liquibase/changelogs/changelog.yaml::homework-2-insert-course-plans::Aleksey Yasiukevich ran successfully in 7ms
сент. 27, 2024 9:20:58 AM liquibase.ui
INFO: Running Changeset: liquibase/changelogs/changelog.yaml::homework-2-insert-categories::Aleksey Yasiukevich
сент. 27, 2024 9:20:58 AM liquibase.changelog
INFO: SQL in file sql/14.insert-categories.sql executed
сент. 27, 2024 9:20:58 AM liquibase.changelog
INFO: ChangeSet liquibase/changelogs/changelog.yaml::homework-2-insert-categories::Aleksey Yasiukevich ran successfully in 6ms
сент. 27, 2024 9:20:58 AM liquibase.ui
INFO: Running Changeset: liquibase/changelogs/changelog.yaml::homework-2-insert-reviews::Aleksey Yasiukevich
сент. 27, 2024 9:20:58 AM liquibase.changelog
INFO: SQL in file sql/15.insert-reviews.sql executed
сент. 27, 2024 9:20:58 AM liquibase.changelog
INFO: ChangeSet liquibase/changelogs/changelog.yaml::homework-2-insert-reviews::Aleksey Yasiukevich ran successfully in 13ms
сент. 27, 2024 9:20:58 AM liquibase.ui
INFO: Running Changeset: liquibase/changelogs/changelog.yaml::homework-2-insert-course-categories::Aleksey Yasiukevich
сент. 27, 2024 9:20:58 AM liquibase.changelog
INFO: SQL in file sql/16.insert-course-categories.sql executed
сент. 27, 2024 9:20:58 AM liquibase.changelog
INFO: ChangeSet liquibase/changelogs/changelog.yaml::homework-2-insert-course-categories::Aleksey Yasiukevich ran successfully in 8ms
сент. 27, 2024 9:20:58 AM liquibase.ui
INFO: Running Changeset: liquibase/changelogs/changelog.yaml::homework-2-insert-transactions::Aleksey Yasiukevich
сент. 27, 2024 9:20:58 AM liquibase.changelog
INFO: SQL in file sql/17.insert-transactions.sql executed
сент. 27, 2024 9:20:58 AM liquibase.changelog
INFO: ChangeSet liquibase/changelogs/changelog.yaml::homework-2-insert-transactions::Aleksey Yasiukevich ran successfully in 9ms
сент. 27, 2024 9:20:58 AM liquibase.ui
INFO: Running Changeset: liquibase/changelogs/changelog.yaml::remove-fk-reviews-user-id::Aleksey Yasiukevich
сент. 27, 2024 9:20:58 AM liquibase.changelog
INFO: Foreign key fk_reviews_user_id dropped
сент. 27, 2024 9:20:58 AM liquibase.changelog
INFO: ChangeSet liquibase/changelogs/changelog.yaml::remove-fk-reviews-user-id::Aleksey Yasiukevich ran successfully in 2ms
сент. 27, 2024 9:20:58 AM liquibase.ui
INFO: Running Changeset: liquibase/changelogs/changelog.yaml::remove-fk-transactions-user-id::Aleksey Yasiukevich
сент. 27, 2024 9:20:58 AM liquibase.changelog
INFO: Foreign key fk_transactions_user_id dropped
сент. 27, 2024 9:20:58 AM liquibase.changelog
INFO: ChangeSet liquibase/changelogs/changelog.yaml::remove-fk-transactions-user-id::Aleksey Yasiukevich ran successfully in 1ms
сент. 27, 2024 9:20:58 AM liquibase.util
INFO: UPDATE SUMMARY
сент. 27, 2024 9:20:58 AM liquibase.util
INFO: Run:                         19
сент. 27, 2024 9:20:58 AM liquibase.util
INFO: Previously run:               0
сент. 27, 2024 9:20:58 AM liquibase.util
INFO: Filtered out:                 0
сент. 27, 2024 9:20:58 AM liquibase.util
INFO: -------------------------------
сент. 27, 2024 9:20:58 AM liquibase.util
INFO: Total change sets:           19
сент. 27, 2024 9:20:58 AM liquibase.util
INFO: Update summary generated
сент. 27, 2024 9:20:58 AM liquibase.command
INFO: Update command completed successfully.
сент. 27, 2024 9:20:58 AM liquibase.ui
INFO: Liquibase: Update has been successful. Rows affected: 207
сент. 27, 2024 9:20:58 AM liquibase.lockservice
INFO: Successfully released change log lock
сент. 27, 2024 9:20:58 AM liquibase.command
INFO: Command execution complete
]]></system-err>
  </testcase>
  <testcase name="update_CategoryWasUpdated" classname="com.online.shop.repository.impl.CategoryDaolTest" time="0.0">
    <error message="ApplicationContext failure threshold (1) exceeded: skipping repeated attempt to load context for [MergedContextConfiguration@1a598e30 testClass = com.online.shop.repository.impl.CategoryDaolTest, locations = [], classes = [com.online.shop.config.RootConfig], contextInitializerClasses = [], activeProfiles = [], propertySourceDescriptors = [], propertySourceProperties = [], contextCustomizers = [], contextLoader = org.springframework.test.context.support.AnnotationConfigContextLoader, parent = null]" type="java.lang.IllegalStateException"><![CDATA[java.lang.IllegalStateException: ApplicationContext failure threshold (1) exceeded: skipping repeated attempt to load context for [MergedContextConfiguration@1a598e30 testClass = com.online.shop.repository.impl.CategoryDaolTest, locations = [], classes = [com.online.shop.config.RootConfig], contextInitializerClasses = [], activeProfiles = [], propertySourceDescriptors = [], propertySourceProperties = [], contextCustomizers = [], contextLoader = org.springframework.test.context.support.AnnotationConfigContextLoader, parent = null]
	at org.springframework.test.context.cache.DefaultCacheAwareContextLoaderDelegate.loadContext(DefaultCacheAwareContextLoaderDelegate.java:145)
	at org.springframework.test.context.support.DefaultTestContext.getApplicationContext(DefaultTestContext.java:130)
	at org.springframework.test.context.support.DependencyInjectionTestExecutionListener.injectDependencies(DependencyInjectionTestExecutionListener.java:142)
	at org.springframework.test.context.support.DependencyInjectionTestExecutionListener.prepareTestInstance(DependencyInjectionTestExecutionListener.java:98)
	at org.springframework.test.context.TestContextManager.prepareTestInstance(TestContextManager.java:260)
	at org.springframework.test.context.junit.jupiter.SpringExtension.postProcessTestInstance(SpringExtension.java:163)
	at java.base/java.util.stream.ReferencePipeline$3$1.accept(ReferencePipeline.java:197)
	at java.base/java.util.stream.ReferencePipeline$2$1.accept(ReferencePipeline.java:179)
	at java.base/java.util.ArrayList$ArrayListSpliterator.forEachRemaining(ArrayList.java:1708)
	at java.base/java.util.stream.AbstractPipeline.copyInto(AbstractPipeline.java:509)
	at java.base/java.util.stream.AbstractPipeline.wrapAndCopyInto(AbstractPipeline.java:499)
	at java.base/java.util.stream.StreamSpliterators$WrappingSpliterator.forEachRemaining(StreamSpliterators.java:310)
	at java.base/java.util.stream.Streams$ConcatSpliterator.forEachRemaining(Streams.java:735)
	at java.base/java.util.stream.Streams$ConcatSpliterator.forEachRemaining(Streams.java:734)
	at java.base/java.util.stream.ReferencePipeline$Head.forEach(ReferencePipeline.java:762)
	at java.base/java.util.Optional.orElseGet(Optional.java:364)
	at java.base/java.util.ArrayList.forEach(ArrayList.java:1596)
	at java.base/java.util.ArrayList.forEach(ArrayList.java:1596)
]]></error>
  </testcase>
  <testcase name="delete_CategoryWasDeleted" classname="com.online.shop.repository.impl.CategoryDaolTest" time="0.001">
    <error message="ApplicationContext failure threshold (1) exceeded: skipping repeated attempt to load context for [MergedContextConfiguration@1a598e30 testClass = com.online.shop.repository.impl.CategoryDaolTest, locations = [], classes = [com.online.shop.config.RootConfig], contextInitializerClasses = [], activeProfiles = [], propertySourceDescriptors = [], propertySourceProperties = [], contextCustomizers = [], contextLoader = org.springframework.test.context.support.AnnotationConfigContextLoader, parent = null]" type="java.lang.IllegalStateException"><![CDATA[java.lang.IllegalStateException: ApplicationContext failure threshold (1) exceeded: skipping repeated attempt to load context for [MergedContextConfiguration@1a598e30 testClass = com.online.shop.repository.impl.CategoryDaolTest, locations = [], classes = [com.online.shop.config.RootConfig], contextInitializerClasses = [], activeProfiles = [], propertySourceDescriptors = [], propertySourceProperties = [], contextCustomizers = [], contextLoader = org.springframework.test.context.support.AnnotationConfigContextLoader, parent = null]
	at org.springframework.test.context.cache.DefaultCacheAwareContextLoaderDelegate.loadContext(DefaultCacheAwareContextLoaderDelegate.java:145)
	at org.springframework.test.context.support.DefaultTestContext.getApplicationContext(DefaultTestContext.java:130)
	at org.springframework.test.context.support.DependencyInjectionTestExecutionListener.injectDependencies(DependencyInjectionTestExecutionListener.java:142)
	at org.springframework.test.context.support.DependencyInjectionTestExecutionListener.prepareTestInstance(DependencyInjectionTestExecutionListener.java:98)
	at org.springframework.test.context.TestContextManager.prepareTestInstance(TestContextManager.java:260)
	at org.springframework.test.context.junit.jupiter.SpringExtension.postProcessTestInstance(SpringExtension.java:163)
	at java.base/java.util.stream.ReferencePipeline$3$1.accept(ReferencePipeline.java:197)
	at java.base/java.util.stream.ReferencePipeline$2$1.accept(ReferencePipeline.java:179)
	at java.base/java.util.ArrayList$ArrayListSpliterator.forEachRemaining(ArrayList.java:1708)
	at java.base/java.util.stream.AbstractPipeline.copyInto(AbstractPipeline.java:509)
	at java.base/java.util.stream.AbstractPipeline.wrapAndCopyInto(AbstractPipeline.java:499)
	at java.base/java.util.stream.StreamSpliterators$WrappingSpliterator.forEachRemaining(StreamSpliterators.java:310)
	at java.base/java.util.stream.Streams$ConcatSpliterator.forEachRemaining(Streams.java:735)
	at java.base/java.util.stream.Streams$ConcatSpliterator.forEachRemaining(Streams.java:734)
	at java.base/java.util.stream.ReferencePipeline$Head.forEach(ReferencePipeline.java:762)
	at java.base/java.util.Optional.orElseGet(Optional.java:364)
	at java.base/java.util.ArrayList.forEach(ArrayList.java:1596)
	at java.base/java.util.ArrayList.forEach(ArrayList.java:1596)
]]></error>
  </testcase>
  <testcase name="insert_CategoryWasInserted" classname="com.online.shop.repository.impl.CategoryDaolTest" time="0.0">
    <error message="ApplicationContext failure threshold (1) exceeded: skipping repeated attempt to load context for [MergedContextConfiguration@1a598e30 testClass = com.online.shop.repository.impl.CategoryDaolTest, locations = [], classes = [com.online.shop.config.RootConfig], contextInitializerClasses = [], activeProfiles = [], propertySourceDescriptors = [], propertySourceProperties = [], contextCustomizers = [], contextLoader = org.springframework.test.context.support.AnnotationConfigContextLoader, parent = null]" type="java.lang.IllegalStateException"><![CDATA[java.lang.IllegalStateException: ApplicationContext failure threshold (1) exceeded: skipping repeated attempt to load context for [MergedContextConfiguration@1a598e30 testClass = com.online.shop.repository.impl.CategoryDaolTest, locations = [], classes = [com.online.shop.config.RootConfig], contextInitializerClasses = [], activeProfiles = [], propertySourceDescriptors = [], propertySourceProperties = [], contextCustomizers = [], contextLoader = org.springframework.test.context.support.AnnotationConfigContextLoader, parent = null]
	at org.springframework.test.context.cache.DefaultCacheAwareContextLoaderDelegate.loadContext(DefaultCacheAwareContextLoaderDelegate.java:145)
	at org.springframework.test.context.support.DefaultTestContext.getApplicationContext(DefaultTestContext.java:130)
	at org.springframework.test.context.support.DependencyInjectionTestExecutionListener.injectDependencies(DependencyInjectionTestExecutionListener.java:142)
	at org.springframework.test.context.support.DependencyInjectionTestExecutionListener.prepareTestInstance(DependencyInjectionTestExecutionListener.java:98)
	at org.springframework.test.context.TestContextManager.prepareTestInstance(TestContextManager.java:260)
	at org.springframework.test.context.junit.jupiter.SpringExtension.postProcessTestInstance(SpringExtension.java:163)
	at java.base/java.util.stream.ReferencePipeline$3$1.accept(ReferencePipeline.java:197)
	at java.base/java.util.stream.ReferencePipeline$2$1.accept(ReferencePipeline.java:179)
	at java.base/java.util.ArrayList$ArrayListSpliterator.forEachRemaining(ArrayList.java:1708)
	at java.base/java.util.stream.AbstractPipeline.copyInto(AbstractPipeline.java:509)
	at java.base/java.util.stream.AbstractPipeline.wrapAndCopyInto(AbstractPipeline.java:499)
	at java.base/java.util.stream.StreamSpliterators$WrappingSpliterator.forEachRemaining(StreamSpliterators.java:310)
	at java.base/java.util.stream.Streams$ConcatSpliterator.forEachRemaining(Streams.java:735)
	at java.base/java.util.stream.Streams$ConcatSpliterator.forEachRemaining(Streams.java:734)
	at java.base/java.util.stream.ReferencePipeline$Head.forEach(ReferencePipeline.java:762)
	at java.base/java.util.Optional.orElseGet(Optional.java:364)
	at java.base/java.util.ArrayList.forEach(ArrayList.java:1596)
	at java.base/java.util.ArrayList.forEach(ArrayList.java:1596)
]]></error>
  </testcase>
  <testcase name="getAll_CategoriesWereFound" classname="com.online.shop.repository.impl.CategoryDaolTest" time="0.0">
    <error message="ApplicationContext failure threshold (1) exceeded: skipping repeated attempt to load context for [MergedContextConfiguration@1a598e30 testClass = com.online.shop.repository.impl.CategoryDaolTest, locations = [], classes = [com.online.shop.config.RootConfig], contextInitializerClasses = [], activeProfiles = [], propertySourceDescriptors = [], propertySourceProperties = [], contextCustomizers = [], contextLoader = org.springframework.test.context.support.AnnotationConfigContextLoader, parent = null]" type="java.lang.IllegalStateException"><![CDATA[java.lang.IllegalStateException: ApplicationContext failure threshold (1) exceeded: skipping repeated attempt to load context for [MergedContextConfiguration@1a598e30 testClass = com.online.shop.repository.impl.CategoryDaolTest, locations = [], classes = [com.online.shop.config.RootConfig], contextInitializerClasses = [], activeProfiles = [], propertySourceDescriptors = [], propertySourceProperties = [], contextCustomizers = [], contextLoader = org.springframework.test.context.support.AnnotationConfigContextLoader, parent = null]
	at org.springframework.test.context.cache.DefaultCacheAwareContextLoaderDelegate.loadContext(DefaultCacheAwareContextLoaderDelegate.java:145)
	at org.springframework.test.context.support.DefaultTestContext.getApplicationContext(DefaultTestContext.java:130)
	at org.springframework.test.context.support.DependencyInjectionTestExecutionListener.injectDependencies(DependencyInjectionTestExecutionListener.java:142)
	at org.springframework.test.context.support.DependencyInjectionTestExecutionListener.prepareTestInstance(DependencyInjectionTestExecutionListener.java:98)
	at org.springframework.test.context.TestContextManager.prepareTestInstance(TestContextManager.java:260)
	at org.springframework.test.context.junit.jupiter.SpringExtension.postProcessTestInstance(SpringExtension.java:163)
	at java.base/java.util.stream.ReferencePipeline$3$1.accept(ReferencePipeline.java:197)
	at java.base/java.util.stream.ReferencePipeline$2$1.accept(ReferencePipeline.java:179)
	at java.base/java.util.ArrayList$ArrayListSpliterator.forEachRemaining(ArrayList.java:1708)
	at java.base/java.util.stream.AbstractPipeline.copyInto(AbstractPipeline.java:509)
	at java.base/java.util.stream.AbstractPipeline.wrapAndCopyInto(AbstractPipeline.java:499)
	at java.base/java.util.stream.StreamSpliterators$WrappingSpliterator.forEachRemaining(StreamSpliterators.java:310)
	at java.base/java.util.stream.Streams$ConcatSpliterator.forEachRemaining(Streams.java:735)
	at java.base/java.util.stream.Streams$ConcatSpliterator.forEachRemaining(Streams.java:734)
	at java.base/java.util.stream.ReferencePipeline$Head.forEach(ReferencePipeline.java:762)
	at java.base/java.util.Optional.orElseGet(Optional.java:364)
	at java.base/java.util.ArrayList.forEach(ArrayList.java:1596)
	at java.base/java.util.ArrayList.forEach(ArrayList.java:1596)
]]></error>
  </testcase>
</testsuite>